[2018-12-17 15:47:41] INFO [main: CodeCraft-2019.py, 21] car_path is config/car.txt
[2018-12-17 15:47:41] INFO [main: CodeCraft-2019.py, 22] road_path is config/road.txt
[2018-12-17 15:47:41] INFO [main: CodeCraft-2019.py, 23] cross_path is config/cross.txt
[2018-12-17 15:47:41] INFO [main: CodeCraft-2019.py, 24] answer_path is config/answer.txt[2019-03-22 17:01:04] INFO [main: CodeCraft-2019.py, 21] car_path is ../config/car.txt
[2019-03-22 17:01:04] INFO [main: CodeCraft-2019.py, 22] road_path is ../config/road.txt
[2019-03-22 17:01:04] INFO [main: CodeCraft-2019.py, 23] cross_path is ../config/cross.txt
[2019-03-22 17:01:04] INFO [main: CodeCraft-2019.py, 24] answer_path is ../config/answer.txt
[2019-03-22 17:22:43] INFO [main: CodeCraft-2019.py, 21] car_path is ../config/car.txt
[2019-03-22 17:22:43] INFO [main: CodeCraft-2019.py, 22] road_path is ../config/road.txt
[2019-03-22 17:22:43] INFO [main: CodeCraft-2019.py, 23] cross_path is ../config/cross.txt
[2019-03-22 17:22:43] INFO [main: CodeCraft-2019.py, 24] answer_path is ../config/answer.txt
[2019-03-22 17:23:00] INFO [main: CodeCraft-2019.py, 21] car_path is ../config/car.txt
[2019-03-22 17:23:00] INFO [main: CodeCraft-2019.py, 22] road_path is ../config/road.txt
[2019-03-22 17:23:00] INFO [main: CodeCraft-2019.py, 23] cross_path is ../config/cross.txt
[2019-03-22 17:23:00] INFO [main: CodeCraft-2019.py, 24] answer_path is ../config/answer.txt
[2019-03-22 17:43:23] INFO [main: CodeCraft-2019.py, 21] car_path is ../config/car.txt
[2019-03-22 17:43:23] INFO [main: CodeCraft-2019.py, 22] road_path is ../config/road.txt
[2019-03-22 17:43:23] INFO [main: CodeCraft-2019.py, 23] cross_path is ../config/cross.txt
[2019-03-22 17:43:23] INFO [main: CodeCraft-2019.py, 24] answer_path is ../config/answer.tx
[2019-03-22 17:49:25] INFO [main: CodeCraft-2019.py, 21] car_path is ../config/car.txt
[2019-03-22 17:49:25] INFO [main: CodeCraft-2019.py, 22] road_path is ../config/road.txt
[2019-03-22 17:49:25] INFO [main: CodeCraft-2019.py, 23] cross_path is ../config/cross.txt
[2019-03-22 17:49:25] INFO [main: CodeCraft-2019.py, 24] answer_path is ../config/answer.txt
[2019-03-22 17:52:56] INFO [main: CodeCraft-2019.py, 21] car_path is ../config/car.txt
[2019-03-22 17:52:56] INFO [main: CodeCraft-2019.py, 22] road_path is ../config/road.txt
[2019-03-22 17:52:56] INFO [main: CodeCraft-2019.py, 23] cross_path is ../config/cross.txt
[2019-03-22 17:52:56] INFO [main: CodeCraft-2019.py, 24] answer_path is ../config/answer.txt
[2019-03-22 18:07:12] INFO [main: CodeCraft-2019.py, 21] car_path is ../config/car.txt
[2019-03-22 18:07:12] INFO [main: CodeCraft-2019.py, 22] road_path is ../config/road.txt
[2019-03-22 18:07:12] INFO [main: CodeCraft-2019.py, 23] cross_path is ../config/cross.txt
[2019-03-22 18:07:12] INFO [main: CodeCraft-2019.py, 24] answer_path is ../config/answer.txt
